
> bloggerapp@0.0.0 start
> node ./bin/www

Mongoose connected to mongodb://blogs:blogger@localhost:27017/blogs
[0mGET /blogList [36m304 [0m16.161 ms - -[0m
[0mGET /stylesheets/style.css [36m304 [0m2.672 ms - -[0m
[0mGET /css/bootstrap.min.css [36m304 [0m3.676 ms - -[0m
[0mGET /stylesheets/fontawesome-all.css [36m304 [0m3.776 ms - -[0m
[0mGET /blogList [36m304 [0m1.839 ms - -[0m
[0mGET /stylesheets/fontawesome-all.css [36m304 [0m0.878 ms - -[0m
[0mGET /stylesheets/style.css [36m304 [0m0.959 ms - -[0m
[0mGET /css/bootstrap.min.css [36m304 [0m2.227 ms - -[0m
[0mGET /blogAdd [36m304 [0m2.632 ms - -[0m
[0mGET /stylesheets/fontawesome-all.css [36m304 [0m0.937 ms - -[0m
[0mGET /stylesheets/style.css [36m304 [0m1.098 ms - -[0m
[0mGET /css/bootstrap.min.css [36m304 [0m2.405 ms - -[0m
[0mGET / [36m304 [0m1.940 ms - -[0m
[0mGET /stylesheets/fontawesome-all.css [36m304 [0m0.765 ms - -[0m
[0mGET /stylesheets/style.css [36m304 [0m1.227 ms - -[0m
[0mGET /css/bootstrap.min.css [36m304 [0m2.758 ms - -[0m
[0mGET /blogList [36m304 [0m1.216 ms - -[0m
[0mGET /stylesheets/fontawesome-all.css [36m304 [0m0.844 ms - -[0m
[0mGET /stylesheets/style.css [36m304 [0m1.007 ms - -[0m
[0mGET /css/bootstrap.min.css [36m304 [0m2.387 ms - -[0m
[0mGET /blogList [36m304 [0m1.245 ms - -[0m
[0mGET /stylesheets/style.css [36m304 [0m0.668 ms - -[0m
[0mGET /css/bootstrap.min.css [36m304 [0m0.863 ms - -[0m
[0mGET /stylesheets/fontawesome-all.css [36m304 [0m0.319 ms - -[0m
[0mGET /blogList [36m304 [0m1.023 ms - -[0m
[0mGET /stylesheets/style.css [36m304 [0m0.627 ms - -[0m
[0mGET /css/bootstrap.min.css [36m304 [0m0.928 ms - -[0m
[0mGET /stylesheets/fontawesome-all.css [36m304 [0m0.890 ms - -[0m
[0mGET /blogList [36m304 [0m1.121 ms - -[0m
[0mGET /stylesheets/style.css [36m304 [0m0.639 ms - -[0m
[0mGET /stylesheets/fontawesome-all.css [36m304 [0m0.759 ms - -[0m
[0mGET /css/bootstrap.min.css [36m304 [0m2.098 ms - -[0m
